<testsuites id="" name="" tests="4" failures="0" skipped="0" errors="0" time="7.982588">
<testsuite name="mobile-flows.spec.ts" timestamp="2026-03-14T03:38:14.587Z" hostname="screenshots-desktop" tests="4" failures="0" skipped="0" time="19.305" errors="0">
<testcase name="Mobile forms and flows screenshots @screenshot › mobile billing page plan cards stacked" classname="mobile-flows.spec.ts" time="5.397">
</testcase>
<testcase name="Mobile forms and flows screenshots @screenshot › mobile settings page full-width inputs" classname="mobile-flows.spec.ts" time="5.31">
</testcase>
<testcase name="Mobile forms and flows screenshots @screenshot › mobile admin page desktop-only block" classname="mobile-flows.spec.ts" time="5.204">
</testcase>
<testcase name="Mobile forms and flows screenshots @screenshot › mobile docs page sidebar as drawer" classname="mobile-flows.spec.ts" time="3.394">
</testcase>
</testsuite>
</testsuites>